<?xml version="1.0" encoding="UTF-8"?>
<testsuite xmlns:xsi="http://www.w3.org/2001/XMLSchema-instance" xsi:noNamespaceSchemaLocation="https://maven.apache.org/surefire/maven-surefire-plugin/xsd/surefire-test-report-3.0.xsd" version="3.0" name="edu.school21.repositories.EmbeddedDataSourceTest" time="0.252" tests="1" errors="1" skipped="0" failures="0">
  <properties>
    <property name="gopherProxySet" value="false"/>
    <property name="awt.toolkit" value="sun.lwawt.macosx.LWCToolkit"/>
    <property name="file.encoding.pkg" value="sun.io"/>
    <property name="java.specification.version" value="1.8"/>
    <property name="sun.cpu.isalist" value=""/>
    <property name="sun.jnu.encoding" value="UTF-8"/>
    <property name="java.class.path" value="/Users/jhizdahr/java/Day06/ex01/Tests/target/test-classes:/Users/jhizdahr/java/Day06/ex01/Tests/target/classes:/Users/jhizdahr/.m2/repository/org/springframework/spring-jdbc/5.3.22/spring-jdbc-5.3.22.jar:/Users/jhizdahr/.m2/repository/org/springframework/spring-beans/5.3.22/spring-beans-5.3.22.jar:/Users/jhizdahr/.m2/repository/org/springframework/spring-core/5.3.22/spring-core-5.3.22.jar:/Users/jhizdahr/.m2/repository/org/springframework/spring-jcl/5.3.22/spring-jcl-5.3.22.jar:/Users/jhizdahr/.m2/repository/org/springframework/spring-tx/5.3.22/spring-tx-5.3.22.jar:/Users/jhizdahr/.m2/repository/org/hsqldb/hsqldb/2.2.9/hsqldb-2.2.9.jar:/Users/jhizdahr/.m2/repository/org/apache/maven/plugins/maven-surefire-plugin/3.0.0-M7/maven-surefire-plugin-3.0.0-M7.jar:/Users/jhizdahr/.m2/repository/org/apache/maven/surefire/maven-surefire-common/3.0.0-M7/maven-surefire-common-3.0.0-M7.jar:/Users/jhizdahr/.m2/repository/org/apache/maven/surefire/surefire-api/3.0.0-M7/surefire-api-3.0.0-M7.jar:/Users/jhizdahr/.m2/repository/org/apache/maven/surefire/surefire-logger-api/3.0.0-M7/surefire-logger-api-3.0.0-M7.jar:/Users/jhizdahr/.m2/repository/org/apache/maven/surefire/surefire-extensions-api/3.0.0-M7/surefire-extensions-api-3.0.0-M7.jar:/Users/jhizdahr/.m2/repository/org/apache/maven/surefire/surefire-booter/3.0.0-M7/surefire-booter-3.0.0-M7.jar:/Users/jhizdahr/.m2/repository/org/apache/maven/surefire/surefire-extensions-spi/3.0.0-M7/surefire-extensions-spi-3.0.0-M7.jar:/Users/jhizdahr/.m2/repository/org/apache/maven/shared/maven-common-artifact-filters/3.1.1/maven-common-artifact-filters-3.1.1.jar:/Users/jhizdahr/.m2/repository/org/apache/maven/maven-artifact/3.1.0/maven-artifact-3.1.0.jar:/Users/jhizdahr/.m2/repository/org/codehaus/plexus/plexus-utils/3.0.10/plexus-utils-3.0.10.jar:/Users/jhizdahr/.m2/repository/org/apache/maven/maven-core/3.1.0/maven-core-3.1.0.jar:/Users/jhizdahr/.m2/repository/org/apache/maven/maven-settings/3.1.0/maven-settings-3.1.0.jar:/Users/jhizdahr/.m2/repository/org/apache/maven/maven-settings-builder/3.1.0/maven-settings-builder-3.1.0.jar:/Users/jhizdahr/.m2/repository/org/apache/maven/maven-repository-metadata/3.1.0/maven-repository-metadata-3.1.0.jar:/Users/jhizdahr/.m2/repository/org/apache/maven/maven-model-builder/3.1.0/maven-model-builder-3.1.0.jar:/Users/jhizdahr/.m2/repository/org/apache/maven/maven-aether-provider/3.1.0/maven-aether-provider-3.1.0.jar:/Users/jhizdahr/.m2/repository/org/eclipse/aether/aether-spi/0.9.0.M2/aether-spi-0.9.0.M2.jar:/Users/jhizdahr/.m2/repository/org/eclipse/aether/aether-impl/0.9.0.M2/aether-impl-0.9.0.M2.jar:/Users/jhizdahr/.m2/repository/org/eclipse/aether/aether-api/0.9.0.M2/aether-api-0.9.0.M2.jar:/Users/jhizdahr/.m2/repository/org/eclipse/aether/aether-util/0.9.0.M2/aether-util-0.9.0.M2.jar:/Users/jhizdahr/.m2/repository/org/eclipse/sisu/org.eclipse.sisu.plexus/0.0.0.M2a/org.eclipse.sisu.plexus-0.0.0.M2a.jar:/Users/jhizdahr/.m2/repository/javax/enterprise/cdi-api/1.0/cdi-api-1.0.jar:/Users/jhizdahr/.m2/repository/javax/annotation/jsr250-api/1.0/jsr250-api-1.0.jar:/Users/jhizdahr/.m2/repository/javax/inject/javax.inject/1/javax.inject-1.jar:/Users/jhizdahr/.m2/repository/com/google/guava/guava/10.0.1/guava-10.0.1.jar:/Users/jhizdahr/.m2/repository/com/google/code/findbugs/jsr305/1.3.9/jsr305-1.3.9.jar:/Users/jhizdahr/.m2/repository/org/sonatype/sisu/sisu-guice/3.1.0/sisu-guice-3.1.0-no_aop.jar:/Users/jhizdahr/.m2/repository/aopalliance/aopalliance/1.0/aopalliance-1.0.jar:/Users/jhizdahr/.m2/repository/org/eclipse/sisu/org.eclipse.sisu.inject/0.0.0.M2a/org.eclipse.sisu.inject-0.0.0.M2a.jar:/Users/jhizdahr/.m2/repository/asm/asm/3.3.1/asm-3.3.1.jar:/Users/jhizdahr/.m2/repository/org/codehaus/plexus/plexus-interpolation/1.16/plexus-interpolation-1.16.jar:/Users/jhizdahr/.m2/repository/org/codehaus/plexus/plexus-classworlds/2.4.2/plexus-classworlds-2.4.2.jar:/Users/jhizdahr/.m2/repository/org/codehaus/plexus/plexus-component-annotations/1.5.5/plexus-component-annotations-1.5.5.jar:/Users/jhizdahr/.m2/repository/org/sonatype/plexus/plexus-sec-dispatcher/1.3/plexus-sec-dispatcher-1.3.jar:/Users/jhizdahr/.m2/repository/org/sonatype/plexus/plexus-cipher/1.4/plexus-cipher-1.4.jar:/Users/jhizdahr/.m2/repository/org/apache/maven/maven-plugin-api/3.1.0/maven-plugin-api-3.1.0.jar:/Users/jhizdahr/.m2/repository/commons-io/commons-io/2.6/commons-io-2.6.jar:/Users/jhizdahr/.m2/repository/org/codehaus/plexus/plexus-java/1.1.1/plexus-java-1.1.1.jar:/Users/jhizdahr/.m2/repository/org/ow2/asm/asm/9.2/asm-9.2.jar:/Users/jhizdahr/.m2/repository/com/thoughtworks/qdox/qdox/2.0.1/qdox-2.0.1.jar:/Users/jhizdahr/.m2/repository/org/apache/maven/surefire/surefire-shared-utils/3.0.0-M7/surefire-shared-utils-3.0.0-M7.jar:/Users/jhizdahr/.m2/repository/org/junit/jupiter/junit-jupiter-engine/5.8.1/junit-jupiter-engine-5.8.1.jar:/Users/jhizdahr/.m2/repository/org/junit/platform/junit-platform-engine/1.8.1/junit-platform-engine-1.8.1.jar:/Users/jhizdahr/.m2/repository/org/apiguardian/apiguardian-api/1.1.2/apiguardian-api-1.1.2.jar:/Users/jhizdahr/.m2/repository/org/junit/jupiter/junit-jupiter-params/5.8.1/junit-jupiter-params-5.8.1.jar:/Users/jhizdahr/.m2/repository/org/junit/jupiter/junit-jupiter-api/5.8.1/junit-jupiter-api-5.8.1.jar:/Users/jhizdahr/.m2/repository/org/opentest4j/opentest4j/1.2.0/opentest4j-1.2.0.jar:/Users/jhizdahr/.m2/repository/org/junit/platform/junit-platform-commons/1.8.1/junit-platform-commons-1.8.1.jar:/Users/jhizdahr/.m2/repository/org/junit/platform/junit-platform-suite/1.8.1/junit-platform-suite-1.8.1.jar:/Users/jhizdahr/.m2/repository/org/junit/platform/junit-platform-suite-api/1.8.1/junit-platform-suite-api-1.8.1.jar:/Users/jhizdahr/.m2/repository/org/junit/platform/junit-platform-suite-engine/1.8.1/junit-platform-suite-engine-1.8.1.jar:/Users/jhizdahr/.m2/repository/org/junit/platform/junit-platform-suite-commons/1.8.1/junit-platform-suite-commons-1.8.1.jar:/Users/jhizdahr/.m2/repository/org/junit/platform/junit-platform-launcher/1.8.1/junit-platform-launcher-1.8.1.jar:"/>
    <property name="java.vm.vendor" value="Amazon.com Inc."/>
    <property name="sun.arch.data.model" value="64"/>
    <property name="java.vendor.url" value="https://aws.amazon.com/corretto/"/>
    <property name="user.timezone" value="Europe/Moscow"/>
    <property name="java.vm.specification.version" value="1.8"/>
    <property name="os.name" value="Mac OS X"/>
    <property name="sun.java.launcher" value="SUN_STANDARD"/>
    <property name="sun.boot.library.path" value="/Users/jhizdahr/Library/Java/JavaVirtualMachines/corretto-1.8.0_342/Contents/Home/jre/lib"/>
    <property name="sun.java.command" value="/Users/jhizdahr/java/Day06/ex01/Tests/target/surefire/surefirebooter-20220727163546169_3.jar /Users/jhizdahr/java/Day06/ex01/Tests/target/surefire 2022-07-27T16-35-45_873-jvmRun1 surefire-20220727163546169_1tmp surefire_0-20220727163546169_2tmp"/>
    <property name="http.nonProxyHosts" value="local|*.local|169.254/16|*.169.254/16"/>
    <property name="surefire.test.class.path" value="/Users/jhizdahr/java/Day06/ex01/Tests/target/test-classes:/Users/jhizdahr/java/Day06/ex01/Tests/target/classes:/Users/jhizdahr/.m2/repository/org/springframework/spring-jdbc/5.3.22/spring-jdbc-5.3.22.jar:/Users/jhizdahr/.m2/repository/org/springframework/spring-beans/5.3.22/spring-beans-5.3.22.jar:/Users/jhizdahr/.m2/repository/org/springframework/spring-core/5.3.22/spring-core-5.3.22.jar:/Users/jhizdahr/.m2/repository/org/springframework/spring-jcl/5.3.22/spring-jcl-5.3.22.jar:/Users/jhizdahr/.m2/repository/org/springframework/spring-tx/5.3.22/spring-tx-5.3.22.jar:/Users/jhizdahr/.m2/repository/org/hsqldb/hsqldb/2.2.9/hsqldb-2.2.9.jar:/Users/jhizdahr/.m2/repository/org/apache/maven/plugins/maven-surefire-plugin/3.0.0-M7/maven-surefire-plugin-3.0.0-M7.jar:/Users/jhizdahr/.m2/repository/org/apache/maven/surefire/maven-surefire-common/3.0.0-M7/maven-surefire-common-3.0.0-M7.jar:/Users/jhizdahr/.m2/repository/org/apache/maven/surefire/surefire-api/3.0.0-M7/surefire-api-3.0.0-M7.jar:/Users/jhizdahr/.m2/repository/org/apache/maven/surefire/surefire-logger-api/3.0.0-M7/surefire-logger-api-3.0.0-M7.jar:/Users/jhizdahr/.m2/repository/org/apache/maven/surefire/surefire-extensions-api/3.0.0-M7/surefire-extensions-api-3.0.0-M7.jar:/Users/jhizdahr/.m2/repository/org/apache/maven/surefire/surefire-booter/3.0.0-M7/surefire-booter-3.0.0-M7.jar:/Users/jhizdahr/.m2/repository/org/apache/maven/surefire/surefire-extensions-spi/3.0.0-M7/surefire-extensions-spi-3.0.0-M7.jar:/Users/jhizdahr/.m2/repository/org/apache/maven/shared/maven-common-artifact-filters/3.1.1/maven-common-artifact-filters-3.1.1.jar:/Users/jhizdahr/.m2/repository/org/apache/maven/maven-artifact/3.1.0/maven-artifact-3.1.0.jar:/Users/jhizdahr/.m2/repository/org/codehaus/plexus/plexus-utils/3.0.10/plexus-utils-3.0.10.jar:/Users/jhizdahr/.m2/repository/org/apache/maven/maven-core/3.1.0/maven-core-3.1.0.jar:/Users/jhizdahr/.m2/repository/org/apache/maven/maven-settings/3.1.0/maven-settings-3.1.0.jar:/Users/jhizdahr/.m2/repository/org/apache/maven/maven-settings-builder/3.1.0/maven-settings-builder-3.1.0.jar:/Users/jhizdahr/.m2/repository/org/apache/maven/maven-repository-metadata/3.1.0/maven-repository-metadata-3.1.0.jar:/Users/jhizdahr/.m2/repository/org/apache/maven/maven-model-builder/3.1.0/maven-model-builder-3.1.0.jar:/Users/jhizdahr/.m2/repository/org/apache/maven/maven-aether-provider/3.1.0/maven-aether-provider-3.1.0.jar:/Users/jhizdahr/.m2/repository/org/eclipse/aether/aether-spi/0.9.0.M2/aether-spi-0.9.0.M2.jar:/Users/jhizdahr/.m2/repository/org/eclipse/aether/aether-impl/0.9.0.M2/aether-impl-0.9.0.M2.jar:/Users/jhizdahr/.m2/repository/org/eclipse/aether/aether-api/0.9.0.M2/aether-api-0.9.0.M2.jar:/Users/jhizdahr/.m2/repository/org/eclipse/aether/aether-util/0.9.0.M2/aether-util-0.9.0.M2.jar:/Users/jhizdahr/.m2/repository/org/eclipse/sisu/org.eclipse.sisu.plexus/0.0.0.M2a/org.eclipse.sisu.plexus-0.0.0.M2a.jar:/Users/jhizdahr/.m2/repository/javax/enterprise/cdi-api/1.0/cdi-api-1.0.jar:/Users/jhizdahr/.m2/repository/javax/annotation/jsr250-api/1.0/jsr250-api-1.0.jar:/Users/jhizdahr/.m2/repository/javax/inject/javax.inject/1/javax.inject-1.jar:/Users/jhizdahr/.m2/repository/com/google/guava/guava/10.0.1/guava-10.0.1.jar:/Users/jhizdahr/.m2/repository/com/google/code/findbugs/jsr305/1.3.9/jsr305-1.3.9.jar:/Users/jhizdahr/.m2/repository/org/sonatype/sisu/sisu-guice/3.1.0/sisu-guice-3.1.0-no_aop.jar:/Users/jhizdahr/.m2/repository/aopalliance/aopalliance/1.0/aopalliance-1.0.jar:/Users/jhizdahr/.m2/repository/org/eclipse/sisu/org.eclipse.sisu.inject/0.0.0.M2a/org.eclipse.sisu.inject-0.0.0.M2a.jar:/Users/jhizdahr/.m2/repository/asm/asm/3.3.1/asm-3.3.1.jar:/Users/jhizdahr/.m2/repository/org/codehaus/plexus/plexus-interpolation/1.16/plexus-interpolation-1.16.jar:/Users/jhizdahr/.m2/repository/org/codehaus/plexus/plexus-classworlds/2.4.2/plexus-classworlds-2.4.2.jar:/Users/jhizdahr/.m2/repository/org/codehaus/plexus/plexus-component-annotations/1.5.5/plexus-component-annotations-1.5.5.jar:/Users/jhizdahr/.m2/repository/org/sonatype/plexus/plexus-sec-dispatcher/1.3/plexus-sec-dispatcher-1.3.jar:/Users/jhizdahr/.m2/repository/org/sonatype/plexus/plexus-cipher/1.4/plexus-cipher-1.4.jar:/Users/jhizdahr/.m2/repository/org/apache/maven/maven-plugin-api/3.1.0/maven-plugin-api-3.1.0.jar:/Users/jhizdahr/.m2/repository/commons-io/commons-io/2.6/commons-io-2.6.jar:/Users/jhizdahr/.m2/repository/org/codehaus/plexus/plexus-java/1.1.1/plexus-java-1.1.1.jar:/Users/jhizdahr/.m2/repository/org/ow2/asm/asm/9.2/asm-9.2.jar:/Users/jhizdahr/.m2/repository/com/thoughtworks/qdox/qdox/2.0.1/qdox-2.0.1.jar:/Users/jhizdahr/.m2/repository/org/apache/maven/surefire/surefire-shared-utils/3.0.0-M7/surefire-shared-utils-3.0.0-M7.jar:/Users/jhizdahr/.m2/repository/org/junit/jupiter/junit-jupiter-engine/5.8.1/junit-jupiter-engine-5.8.1.jar:/Users/jhizdahr/.m2/repository/org/junit/platform/junit-platform-engine/1.8.1/junit-platform-engine-1.8.1.jar:/Users/jhizdahr/.m2/repository/org/apiguardian/apiguardian-api/1.1.2/apiguardian-api-1.1.2.jar:/Users/jhizdahr/.m2/repository/org/junit/jupiter/junit-jupiter-params/5.8.1/junit-jupiter-params-5.8.1.jar:/Users/jhizdahr/.m2/repository/org/junit/jupiter/junit-jupiter-api/5.8.1/junit-jupiter-api-5.8.1.jar:/Users/jhizdahr/.m2/repository/org/opentest4j/opentest4j/1.2.0/opentest4j-1.2.0.jar:/Users/jhizdahr/.m2/repository/org/junit/platform/junit-platform-commons/1.8.1/junit-platform-commons-1.8.1.jar:/Users/jhizdahr/.m2/repository/org/junit/platform/junit-platform-suite/1.8.1/junit-platform-suite-1.8.1.jar:/Users/jhizdahr/.m2/repository/org/junit/platform/junit-platform-suite-api/1.8.1/junit-platform-suite-api-1.8.1.jar:/Users/jhizdahr/.m2/repository/org/junit/platform/junit-platform-suite-engine/1.8.1/junit-platform-suite-engine-1.8.1.jar:/Users/jhizdahr/.m2/repository/org/junit/platform/junit-platform-suite-commons/1.8.1/junit-platform-suite-commons-1.8.1.jar:/Users/jhizdahr/.m2/repository/org/junit/platform/junit-platform-launcher/1.8.1/junit-platform-launcher-1.8.1.jar:"/>
    <property name="sun.cpu.endian" value="little"/>
    <property name="user.home" value="/Users/jhizdahr"/>
    <property name="user.language" value="1"/>
    <property name="java.specification.vendor" value="Oracle Corporation"/>
    <property name="java.home" value="/Users/jhizdahr/Library/Java/JavaVirtualMachines/corretto-1.8.0_342/Contents/Home/jre"/>
    <property name="basedir" value="/Users/jhizdahr/java/Day06/ex01/Tests"/>
    <property name="file.separator" value="/"/>
    <property name="line.separator" value="&#10;"/>
    <property name="java.vm.specification.vendor" value="Oracle Corporation"/>
    <property name="java.specification.name" value="Java Platform API Specification"/>
    <property name="java.awt.graphicsenv" value="sun.awt.CGraphicsEnvironment"/>
    <property name="surefire.real.class.path" value="/Users/jhizdahr/java/Day06/ex01/Tests/target/surefire/surefirebooter-20220727163546169_3.jar"/>
    <property name="sun.boot.class.path" value="/Users/jhizdahr/Library/Java/JavaVirtualMachines/corretto-1.8.0_342/Contents/Home/jre/lib/resources.jar:/Users/jhizdahr/Library/Java/JavaVirtualMachines/corretto-1.8.0_342/Contents/Home/jre/lib/rt.jar:/Users/jhizdahr/Library/Java/JavaVirtualMachines/corretto-1.8.0_342/Contents/Home/jre/lib/sunrsasign.jar:/Users/jhizdahr/Library/Java/JavaVirtualMachines/corretto-1.8.0_342/Contents/Home/jre/lib/jsse.jar:/Users/jhizdahr/Library/Java/JavaVirtualMachines/corretto-1.8.0_342/Contents/Home/jre/lib/jce.jar:/Users/jhizdahr/Library/Java/JavaVirtualMachines/corretto-1.8.0_342/Contents/Home/jre/lib/charsets.jar:/Users/jhizdahr/Library/Java/JavaVirtualMachines/corretto-1.8.0_342/Contents/Home/jre/lib/jfr.jar:/Users/jhizdahr/Library/Java/JavaVirtualMachines/corretto-1.8.0_342/Contents/Home/jre/classes"/>
    <property name="sun.management.compiler" value="HotSpot 64-Bit Tiered Compilers"/>
    <property name="ftp.nonProxyHosts" value="local|*.local|169.254/16|*.169.254/16"/>
    <property name="java.runtime.version" value="1.8.0_342-b07"/>
    <property name="user.name" value="jhizdahr"/>
    <property name="path.separator" value=":"/>
    <property name="os.version" value="11.6.6"/>
    <property name="java.endorsed.dirs" value="/Users/jhizdahr/Library/Java/JavaVirtualMachines/corretto-1.8.0_342/Contents/Home/jre/lib/endorsed"/>
    <property name="java.runtime.name" value="OpenJDK Runtime Environment"/>
    <property name="file.encoding" value="UTF-8"/>
    <property name="java.vm.name" value="OpenJDK 64-Bit Server VM"/>
    <property name="localRepository" value="/Users/jhizdahr/.m2/repository"/>
    <property name="java.vendor.url.bug" value="https://github.com/corretto/corretto-8/issues/"/>
    <property name="java.io.tmpdir" value="/var/folders/zz/zyxvpxvq6csfxvn_n0001x94000g_9/T/"/>
    <property name="idea.version" value="2022.1"/>
    <property name="java.version" value="1.8.0_342"/>
    <property name="user.dir" value="/Users/jhizdahr/java/Day06/ex01/Tests"/>
    <property name="os.arch" value="x86_64"/>
    <property name="java.vm.specification.name" value="Java Virtual Machine Specification"/>
    <property name="java.awt.printerjob" value="sun.lwawt.macosx.CPrinterJob"/>
    <property name="sun.os.patch.level" value="unknown"/>
    <property name="java.library.path" value="/Users/jhizdahr/Library/Java/Extensions:/Library/Java/Extensions:/Network/Library/Java/Extensions:/System/Library/Java/Extensions:/usr/lib/java:."/>
    <property name="java.vm.info" value="mixed mode"/>
    <property name="java.vendor" value="Amazon.com Inc."/>
    <property name="java.vm.version" value="25.342-b07"/>
    <property name="java.ext.dirs" value="/Users/jhizdahr/Library/Java/Extensions:/Users/jhizdahr/Library/Java/JavaVirtualMachines/corretto-1.8.0_342/Contents/Home/jre/lib/ext:/Library/Java/Extensions:/Network/Library/Java/Extensions:/System/Library/Java/Extensions:/usr/lib/java"/>
    <property name="sun.io.unicode.encoding" value="UnicodeBig"/>
    <property name="java.class.version" value="52.0"/>
    <property name="socksNonProxyHosts" value="local|*.local|169.254/16|*.169.254/16"/>
  </properties>
  <testcase name="isDatabaseConnected" classname="edu.school21.repositories.EmbeddedDataSourceTest" time="0.247">
    <error message="Failed to execute SQL script statement #1 of class path resource [data.sql]: INSERT INTO products(id, name, price) VALUES (1, &apos;computer1&apos;, 200); nested exception is java.sql.SQLSyntaxErrorException: user lacks privilege or object not found: PRODUCTS" type="org.springframework.jdbc.datasource.init.ScriptStatementFailedException"><![CDATA[org.springframework.jdbc.datasource.init.ScriptStatementFailedException: Failed to execute SQL script statement #1 of class path resource [data.sql]: INSERT INTO products(id, name, price) VALUES (1, 'computer1', 200); nested exception is java.sql.SQLSyntaxErrorException: user lacks privilege or object not found: PRODUCTS
	at org.springframework.jdbc.datasource.init.ScriptUtils.executeSqlScript(ScriptUtils.java:282)
	at org.springframework.jdbc.datasource.init.ResourceDatabasePopulator.populate(ResourceDatabasePopulator.java:254)
	at org.springframework.jdbc.datasource.init.DatabasePopulatorUtils.execute(DatabasePopulatorUtils.java:54)
	at org.springframework.jdbc.datasource.embedded.EmbeddedDatabaseFactory.initDatabase(EmbeddedDatabaseFactory.java:201)
	at org.springframework.jdbc.datasource.embedded.EmbeddedDatabaseFactory.getDatabase(EmbeddedDatabaseFactory.java:158)
	at org.springframework.jdbc.datasource.embedded.EmbeddedDatabaseBuilder.build(EmbeddedDatabaseBuilder.java:283)
	at edu.school21.repositories.EmbeddedDataSourceTest.init(EmbeddedDataSourceTest.java:24)
	at sun.reflect.NativeMethodAccessorImpl.invoke0(Native Method)
	at sun.reflect.NativeMethodAccessorImpl.invoke(NativeMethodAccessorImpl.java:62)
	at sun.reflect.DelegatingMethodAccessorImpl.invoke(DelegatingMethodAccessorImpl.java:43)
	at java.lang.reflect.Method.invoke(Method.java:498)
	at org.junit.platform.commons.util.ReflectionUtils.invokeMethod(ReflectionUtils.java:725)
	at org.junit.jupiter.engine.execution.MethodInvocation.proceed(MethodInvocation.java:60)
	at org.junit.jupiter.engine.execution.InvocationInterceptorChain$ValidatingInvocation.proceed(InvocationInterceptorChain.java:131)
	at org.junit.jupiter.engine.extension.TimeoutExtension.intercept(TimeoutExtension.java:149)
	at org.junit.jupiter.engine.extension.TimeoutExtension.interceptLifecycleMethod(TimeoutExtension.java:126)
	at org.junit.jupiter.engine.extension.TimeoutExtension.interceptBeforeEachMethod(TimeoutExtension.java:76)
	at org.junit.jupiter.engine.execution.ExecutableInvoker$ReflectiveInterceptorCall.lambda$ofVoidMethod$0(ExecutableInvoker.java:115)
	at org.junit.jupiter.engine.execution.ExecutableInvoker.lambda$invoke$0(ExecutableInvoker.java:105)
	at org.junit.jupiter.engine.execution.InvocationInterceptorChain$InterceptedInvocation.proceed(InvocationInterceptorChain.java:106)
	at org.junit.jupiter.engine.execution.InvocationInterceptorChain.proceed(InvocationInterceptorChain.java:64)
	at org.junit.jupiter.engine.execution.InvocationInterceptorChain.chainAndInvoke(InvocationInterceptorChain.java:45)
	at org.junit.jupiter.engine.execution.InvocationInterceptorChain.invoke(InvocationInterceptorChain.java:37)
	at org.junit.jupiter.engine.execution.ExecutableInvoker.invoke(ExecutableInvoker.java:104)
	at org.junit.jupiter.engine.execution.ExecutableInvoker.invoke(ExecutableInvoker.java:98)
	at org.junit.jupiter.engine.descriptor.ClassBasedTestDescriptor.invokeMethodInExtensionContext(ClassBasedTestDescriptor.java:506)
	at org.junit.jupiter.engine.descriptor.ClassBasedTestDescriptor.lambda$synthesizeBeforeEachMethodAdapter$21(ClassBasedTestDescriptor.java:491)
	at org.junit.jupiter.engine.descriptor.TestMethodTestDescriptor.lambda$invokeBeforeEachMethods$3(TestMethodTestDescriptor.java:171)
	at org.junit.jupiter.engine.descriptor.TestMethodTestDescriptor.lambda$invokeBeforeMethodsOrCallbacksUntilExceptionOccurs$6(TestMethodTestDescriptor.java:199)
	at org.junit.platform.engine.support.hierarchical.ThrowableCollector.execute(ThrowableCollector.java:73)
	at org.junit.jupiter.engine.descriptor.TestMethodTestDescriptor.invokeBeforeMethodsOrCallbacksUntilExceptionOccurs(TestMethodTestDescriptor.java:199)
	at org.junit.jupiter.engine.descriptor.TestMethodTestDescriptor.invokeBeforeEachMethods(TestMethodTestDescriptor.java:168)
	at org.junit.jupiter.engine.descriptor.TestMethodTestDescriptor.execute(TestMethodTestDescriptor.java:131)
	at org.junit.jupiter.engine.descriptor.TestMethodTestDescriptor.execute(TestMethodTestDescriptor.java:66)
	at org.junit.platform.engine.support.hierarchical.NodeTestTask.lambda$executeRecursively$6(NodeTestTask.java:151)
	at org.junit.platform.engine.support.hierarchical.ThrowableCollector.execute(ThrowableCollector.java:73)
	at org.junit.platform.engine.support.hierarchical.NodeTestTask.lambda$executeRecursively$8(NodeTestTask.java:141)
	at org.junit.platform.engine.support.hierarchical.Node.around(Node.java:137)
	at org.junit.platform.engine.support.hierarchical.NodeTestTask.lambda$executeRecursively$9(NodeTestTask.java:139)
	at org.junit.platform.engine.support.hierarchical.ThrowableCollector.execute(ThrowableCollector.java:73)
	at org.junit.platform.engine.support.hierarchical.NodeTestTask.executeRecursively(NodeTestTask.java:138)
	at org.junit.platform.engine.support.hierarchical.NodeTestTask.execute(NodeTestTask.java:95)
	at java.util.ArrayList.forEach(ArrayList.java:1259)
	at org.junit.platform.engine.support.hierarchical.SameThreadHierarchicalTestExecutorService.invokeAll(SameThreadHierarchicalTestExecutorService.java:41)
	at org.junit.platform.engine.support.hierarchical.NodeTestTask.lambda$executeRecursively$6(NodeTestTask.java:155)
	at org.junit.platform.engine.support.hierarchical.ThrowableCollector.execute(ThrowableCollector.java:73)
	at org.junit.platform.engine.support.hierarchical.NodeTestTask.lambda$executeRecursively$8(NodeTestTask.java:141)
	at org.junit.platform.engine.support.hierarchical.Node.around(Node.java:137)
	at org.junit.platform.engine.support.hierarchical.NodeTestTask.lambda$executeRecursively$9(NodeTestTask.java:139)
	at org.junit.platform.engine.support.hierarchical.ThrowableCollector.execute(ThrowableCollector.java:73)
	at org.junit.platform.engine.support.hierarchical.NodeTestTask.executeRecursively(NodeTestTask.java:138)
	at org.junit.platform.engine.support.hierarchical.NodeTestTask.execute(NodeTestTask.java:95)
	at java.util.ArrayList.forEach(ArrayList.java:1259)
	at org.junit.platform.engine.support.hierarchical.SameThreadHierarchicalTestExecutorService.invokeAll(SameThreadHierarchicalTestExecutorService.java:41)
	at org.junit.platform.engine.support.hierarchical.NodeTestTask.lambda$executeRecursively$6(NodeTestTask.java:155)
	at org.junit.platform.engine.support.hierarchical.ThrowableCollector.execute(ThrowableCollector.java:73)
	at org.junit.platform.engine.support.hierarchical.NodeTestTask.lambda$executeRecursively$8(NodeTestTask.java:141)
	at org.junit.platform.engine.support.hierarchical.Node.around(Node.java:137)
	at org.junit.platform.engine.support.hierarchical.NodeTestTask.lambda$executeRecursively$9(NodeTestTask.java:139)
	at org.junit.platform.engine.support.hierarchical.ThrowableCollector.execute(ThrowableCollector.java:73)
	at org.junit.platform.engine.support.hierarchical.NodeTestTask.executeRecursively(NodeTestTask.java:138)
	at org.junit.platform.engine.support.hierarchical.NodeTestTask.execute(NodeTestTask.java:95)
	at org.junit.platform.engine.support.hierarchical.SameThreadHierarchicalTestExecutorService.submit(SameThreadHierarchicalTestExecutorService.java:35)
	at org.junit.platform.engine.support.hierarchical.HierarchicalTestExecutor.execute(HierarchicalTestExecutor.java:57)
	at org.junit.platform.engine.support.hierarchical.HierarchicalTestEngine.execute(HierarchicalTestEngine.java:54)
	at org.junit.platform.launcher.core.EngineExecutionOrchestrator.execute(EngineExecutionOrchestrator.java:107)
	at org.junit.platform.launcher.core.EngineExecutionOrchestrator.execute(EngineExecutionOrchestrator.java:88)
	at org.junit.platform.launcher.core.EngineExecutionOrchestrator.lambda$execute$0(EngineExecutionOrchestrator.java:54)
	at org.junit.platform.launcher.core.EngineExecutionOrchestrator.withInterceptedStreams(EngineExecutionOrchestrator.java:67)
	at org.junit.platform.launcher.core.EngineExecutionOrchestrator.execute(EngineExecutionOrchestrator.java:52)
	at org.junit.platform.launcher.core.DefaultLauncher.execute(DefaultLauncher.java:114)
	at org.junit.platform.launcher.core.DefaultLauncher.execute(DefaultLauncher.java:86)
	at org.junit.platform.launcher.core.DefaultLauncherSession$DelegatingLauncher.execute(DefaultLauncherSession.java:86)
	at org.apache.maven.surefire.junitplatform.LazyLauncher.execute(LazyLauncher.java:55)
	at org.apache.maven.surefire.junitplatform.JUnitPlatformProvider.execute(JUnitPlatformProvider.java:223)
	at org.apache.maven.surefire.junitplatform.JUnitPlatformProvider.invokeAllTests(JUnitPlatformProvider.java:175)
	at org.apache.maven.surefire.junitplatform.JUnitPlatformProvider.invoke(JUnitPlatformProvider.java:139)
	at org.apache.maven.surefire.booter.ForkedBooter.runSuitesInProcess(ForkedBooter.java:456)
	at org.apache.maven.surefire.booter.ForkedBooter.execute(ForkedBooter.java:169)
	at org.apache.maven.surefire.booter.ForkedBooter.run(ForkedBooter.java:595)
	at org.apache.maven.surefire.booter.ForkedBooter.main(ForkedBooter.java:581)
Caused by: java.sql.SQLSyntaxErrorException: user lacks privilege or object not found: PRODUCTS
	at org.hsqldb.jdbc.Util.sqlException(Unknown Source)
	at org.hsqldb.jdbc.Util.sqlException(Unknown Source)
	at org.hsqldb.jdbc.JDBCStatement.fetchResult(Unknown Source)
	at org.hsqldb.jdbc.JDBCStatement.execute(Unknown Source)
	at org.springframework.jdbc.datasource.init.ScriptUtils.executeSqlScript(ScriptUtils.java:261)
	... 80 more
Caused by: org.hsqldb.HsqlException: user lacks privilege or object not found: PRODUCTS
	at org.hsqldb.error.Error.error(Unknown Source)
	at org.hsqldb.error.Error.error(Unknown Source)
	at org.hsqldb.SchemaManager.getTable(Unknown Source)
	at org.hsqldb.ParserDQL.readTableName(Unknown Source)
	at org.hsqldb.ParserDQL.readRangeVariableForDataChange(Unknown Source)
	at org.hsqldb.ParserDML.compileInsertStatement(Unknown Source)
	at org.hsqldb.ParserCommand.compilePart(Unknown Source)
	at org.hsqldb.ParserCommand.compileStatements(Unknown Source)
	at org.hsqldb.Session.executeDirectStatement(Unknown Source)
	at org.hsqldb.Session.execute(Unknown Source)
	... 83 more
]]></error>
    <system-err><![CDATA[Jul 27, 2022 4:35:46 PM org.springframework.jdbc.datasource.embedded.EmbeddedDatabaseFactory initDatabase
INFO: Starting embedded database: url='jdbc:hsqldb:mem:testdb', username='sa'
Jul 27, 2022 4:35:47 PM org.springframework.jdbc.datasource.embedded.EmbeddedDatabaseFactory shutdownDatabase
INFO: Shutting down embedded database: url='jdbc:hsqldb:mem:testdb'
]]></system-err>
  </testcase>
</testsuite>